E:\EXPEDIT\PROJECTS\CREDNEXUS\SRC\MAIN\LIBCOIN\CMAKEFILES\GENERATE.STAMP
E:\EXPEDIT\PROJECTS\CREDNEXUS\SRC\MAIN\LIBCOIN\SRC\CMAKEFILES\GENERATE.STAMP
E:\EXPEDIT\PROJECTS\CREDNEXUS\SRC\MAIN\LIBCOIN\SRC\COIN\CMAKEFILES\GENERATE.STAMP
E:\EXPEDIT\PROJECTS\CREDNEXUS\SRC\MAIN\LIBCOIN\SRC\COINCHAIN\CMAKEFILES\GENERATE.STAMP
E:\EXPEDIT\PROJECTS\CREDNEXUS\SRC\MAIN\LIBCOIN\SRC\COINHTTP\CMAKEFILES\GENERATE.STAMP
E:\EXPEDIT\PROJECTS\CREDNEXUS\SRC\MAIN\LIBCOIN\SRC\COINNAT\CMAKEFILES\GENERATE.STAMP
E:\EXPEDIT\PROJECTS\CREDNEXUS\SRC\MAIN\LIBCOIN\SRC\COINWALLET\CMAKEFILES\GENERATE.STAMP
E:\EXPEDIT\PROJECTS\CREDNEXUS\SRC\MAIN\LIBCOIN\SRC\COINPOOL\CMAKEFILES\GENERATE.STAMP
E:\EXPEDIT\PROJECTS\CREDNEXUS\SRC\MAIN\LIBCOIN\APPLICATIONS\CMAKEFILES\GENERATE.STAMP
E:\EXPEDIT\PROJECTS\CREDNEXUS\SRC\MAIN\LIBCOIN\APPLICATIONS\LIBCOIND\CMAKEFILES\GENERATE.STAMP
E:\EXPEDIT\PROJECTS\CREDNEXUS\SRC\MAIN\LIBCOIN\APPLICATIONS\COINEXPLORER\CMAKEFILES\GENERATE.STAMP
E:\EXPEDIT\PROJECTS\CREDNEXUS\SRC\MAIN\LIBCOIN\APPLICATIONS\CRYPTOSHI\CMAKEFILES\GENERATE.STAMP
E:\EXPEDIT\PROJECTS\CREDNEXUS\SRC\MAIN\LIBCOIN\EXAMPLES\CMAKEFILES\GENERATE.STAMP
E:\EXPEDIT\PROJECTS\CREDNEXUS\SRC\MAIN\LIBCOIN\EXAMPLES\SIMPLECOIN\CMAKEFILES\GENERATE.STAMP
E:\EXPEDIT\PROJECTS\CREDNEXUS\SRC\MAIN\LIBCOIN\EXAMPLES\PONZICOIN\CMAKEFILES\GENERATE.STAMP
E:\EXPEDIT\PROJECTS\CREDNEXUS\SRC\MAIN\LIBCOIN\EXAMPLES\EXTRAWALLET\CMAKEFILES\GENERATE.STAMP
E:\EXPEDIT\PROJECTS\CREDNEXUS\SRC\MAIN\LIBCOIN\TESTS\CMAKEFILES\GENERATE.STAMP
E:\EXPEDIT\PROJECTS\CREDNEXUS\SRC\MAIN\LIBCOIN\TESTS\BLOCKTREE\CMAKEFILES\GENERATE.STAMP
E:\EXPEDIT\PROJECTS\CREDNEXUS\SRC\MAIN\LIBCOIN\TESTS\CLAIMS\CMAKEFILES\GENERATE.STAMP
E:\EXPEDIT\PROJECTS\CREDNEXUS\SRC\MAIN\LIBCOIN\TESTS\CLIENT\CMAKEFILES\GENERATE.STAMP
E:\EXPEDIT\PROJECTS\CREDNEXUS\SRC\MAIN\LIBCOIN\TESTS\EXTENDED_KEY\CMAKEFILES\GENERATE.STAMP
E:\EXPEDIT\PROJECTS\CREDNEXUS\SRC\MAIN\LIBCOIN\TESTS\JSONANCE\CMAKEFILES\GENERATE.STAMP
E:\EXPEDIT\PROJECTS\CREDNEXUS\SRC\MAIN\LIBCOIN\TESTS\MERKLETRIE\CMAKEFILES\GENERATE.STAMP
E:\EXPEDIT\PROJECTS\CREDNEXUS\SRC\MAIN\LIBCOIN\TESTS\NAMECOIN\CMAKEFILES\GENERATE.STAMP
E:\EXPEDIT\PROJECTS\CREDNEXUS\SRC\MAIN\LIBCOIN\TESTS\SQLITERATE\CMAKEFILES\GENERATE.STAMP
E:\EXPEDIT\PROJECTS\CREDNEXUS\SRC\MAIN\LIBCOIN\CMAKEFILES\ZERO_CHECK
E:\expedit\projects\crednexus\src\main\libcoin\Win32\Debug\ZERO_CHECK\custombuild.command.1.tlog
E:\expedit\projects\crednexus\src\main\libcoin\Win32\Debug\ZERO_CHECK\custombuild.read.1.tlog
E:\expedit\projects\crednexus\src\main\libcoin\Win32\Debug\ZERO_CHECK\custombuild.write.1.tlog
